79
80
80
79
80
82
1
 Moisture alarm! Red Maden!
1
 Moisture alarm! Red Maden!
1
 Moisture alarm! Red Maden!
1
 Moisture alarm! Red Maden!
1
 Moisture alarm! Red Maden!
80
81
81
81
81
80
80
80
80
80
81
80
81
80
80
80
81
80
80
80
80
80
80
81
81
79
80
81
79
80
81
80
80
80
81
80
80
80
81
80
81
81
79
79
81
80
79
80
80
80
79
80
2
 Moisture alarm! Red Maden!
1
 Moisture alarm! Red Maden!
94
85
85
86
86
1
 Moisture alarm! Red Maden!
1
 Moisture alarm! Red Maden!
2
 Moisture alarm! Red Maden!
82
81
81
82
82
82
81
81
83
82
81
50
1
 Moisture alarm! Red Maden!
6
 Moisture alarm! Red Maden!
70
80
87
83
75
80
88
83
74
79
14
 Moisture alarm! Red Maden!
1
 Moisture alarm! Red Maden!
76
80
83
79
81
83
79
79
80
82
1
 Moisture alarm! Red Maden!
1
 Moisture alarm! Red Maden!
13
 Moisture alarm! Red Maden!
14
 Moisture alarm! Red Maden!
6
 Moisture alarm! Red Maden!
1
 Moisture alarm! Red Maden!
16
 Moisture alarm! Red Maden!
41
8
 Moisture alarm! Red Maden!
1
 Moisture alarm! Red Maden!
23
 Moisture alarm! Red Maden!
96
8
 Moisture alarm! Red Maden!
23
 Moisture alarm! Red Maden!
75
85
75
66
75
83
1
 Moisture alarm! Red Maden!
79
82
83
84
82
82
67
82
82
81
82
83
81
81
82
82
81
81
81
81
80
82
82
80
81
83
81
80
81
82
81
80
81
83
82
81
81
83
82
Timed out
